<?xml version="1.0" encoding="UTF-8"?>
<testng-results total="1" passed="1" failed="0" skipped="0">
  <reporter-output>
  </reporter-output>
  <suite started-at="2024-09-25T05:21:29Z" name="Default suite" finished-at="2024-09-25T05:21:31Z" duration-ms="2468">
    <groups>
    </groups>
    <test started-at="2024-09-25T05:21:29Z" name="Default test" finished-at="2024-09-25T05:21:31Z" duration-ms="2468">
      <class name="com.atlassian.JIRA">
        <test-method signature="authentication()[pri:0, instance:com.atlassian.JIRA@7d286fb6]" started-at="2024-09-25T10:51:29Z" name="authentication" finished-at="2024-09-25T10:51:31Z" duration-ms="2446" status="PASS">
          <reporter-output>
          </reporter-output>
        </test-method> <!-- authentication -->
      </class> <!-- com.atlassian.JIRA -->
    </test> <!-- Default test -->
  </suite> <!-- Default suite -->
</testng-results>
